<?xml version="1.0" encoding="UTF-8"?>
<!-- Generated by org.testng.reporters.JUnitXMLReporter -->
<testsuite hostname="DESKTOP-645NAMT" ignored="0" name="Login - Login" tests="2" failures="0" timestamp="04 Dec 2020 00:34:56 GMT" time="25.754" errors="0">
  <testcase name="verifyLoginWithValidInputs" time="6.279" classname="com.InfoTrack.Login.Login_Index_Test"/>
  <testcase name="verifyLoginWithInvalidEmail" time="3.121" classname="com.InfoTrack.Login.Login_Index_Test"/>
</testsuite> <!-- Login - Login -->
