<?xml version="1.0" encoding="UTF-8"?>
<!-- Generated by org.testng.reporters.JUnitXMLReporter -->
<testsuite hostname="DESKTOP-645NAMT" ignored="0" name="Login - Login" tests="2" failures="0" timestamp="06 Dec 2020 00:25:05 GMT" time="31.352" errors="0">
  <testcase name="verifyLoginWithValidInputs" time="7.066" classname="com.InfoTrack.Login.Login_Index_Test"/>
  <testcase name="verifyLoginWithInvalidEmail" time="3.563" classname="com.InfoTrack.Login.Login_Index_Test"/>
</testsuite> <!-- Login - Login -->
