<?xml version="1.0" encoding="UTF-8"?>
<testng-results skipped="0" failed="0" ignored="0" total="2" passed="2">
  <reporter-output>
    <line>
      <![CDATA[Step-1 : Enter URL : https://accounts.google.com/ServiceLogin</br>]]>
    </line>
    <line>
      <![CDATA[Step-2 : Enter email address in input box: ankit.demoemail@gmail.com</br>]]>
    </line>
    <line>
      <![CDATA[ To verify if next button is enabled.</br>]]>
    </line>
    <line>
      <![CDATA[Step-3 : Click on 'Next' Button.</br>]]>
    </line>
    <line>
      <![CDATA[Step-4 : Enter Password in password input box: Test@123</br>]]>
    </line>
    <line>
      <![CDATA[ To verify if next button is enabled.</br>]]>
    </line>
    <line>
      <![CDATA[Step-5 : Click on 'Next' Button.</br>]]>
    </line>
    <line>
      <![CDATA[ To verify if user successfully logged in with valid credentials.</br>]]>
    </line>
    <line>
      <![CDATA[Step-1 : Enter URL : https://accounts.google.com/ServiceLogin</br>]]>
    </line>
    <line>
      <![CDATA[Step-2 : Enter invalid email address in input box: ankit.notvalidemail@gmail.com</br>]]>
    </line>
    <line>
      <![CDATA[ To verify if next button is enabled.</br>]]>
    </line>
    <line>
      <![CDATA[Step-3 : Click on 'Next' Button.</br>]]>
    </line>
    <line>
      <![CDATA[ To verify if user is not alowed to log in with invalid email and through vaidation message.</br>]]>
    </line>
  </reporter-output>
  <suite name="InfoTrackAutomation" duration-ms="25754" started-at="2020-12-04T00:34:30Z" finished-at="2020-12-04T00:34:56Z">
    <groups>
    </groups>
    <test name="Login - Login" duration-ms="25754" started-at="2020-12-04T00:34:30Z" finished-at="2020-12-04T00:34:56Z">
      <class name="com.InfoTrack.Login.Login_Index_Test">
        <test-method status="PASS" signature="fetchSuite()[pri:0, instance:com.InfoTrack.Login.Login_Index_Test@643b1d11]" name="fetchSuite" is-config="true" duration-ms="1203" started-at="2020-12-04T11:34:29Z" finished-at="2020-12-04T11:34:30Z">
          <reporter-output>
          </reporter-output>
        </test-method> <!-- fetchSuite -->
        <test-method status="PASS" signature="fetchSuiteConfiguration(org.testng.ITestContext)[pri:0, instance:com.InfoTrack.Login.Login_Index_Test@643b1d11]" name="fetchSuiteConfiguration" is-config="true" duration-ms="2" started-at="2020-12-04T11:34:30Z" finished-at="2020-12-04T11:34:30Z">
          <params>
            <param index="0">
              <value>
                <![CDATA[org.testng.TestRunner@548e76f1]]>
              </value>
            </param>
          </params>
          <reporter-output>
          </reporter-output>
        </test-method> <!-- fetchSuiteConfiguration -->
        <test-method status="PASS" signature="setUp(java.lang.String, java.lang.String, java.lang.reflect.Method, org.testng.ITestContext, org.testng.ITestResult)[pri:0, instance:com.InfoTrack.Login.Login_Index_Test@643b1d11]" name="setUp" is-config="true" duration-ms="5804" started-at="2020-12-04T11:34:30Z" finished-at="2020-12-04T11:34:36Z">
          <params>
            <param index="0">
              <value>
                <![CDATA[Ankit Patel]]>
              </value>
            </param>
            <param index="1">
              <value>
                <![CDATA[Login]]>
              </value>
            </param>
            <param index="2">
              <value>
                <![CDATA[public void com.InfoTrack.Login.Login_Index_Test.verifyLoginWithValidInputs()]]>
              </value>
            </param>
            <param index="3">
              <value>
                <![CDATA[org.testng.TestRunner@548e76f1]]>
              </value>
            </param>
            <param index="4">
              <value>
                <![CDATA[[TestResult name=verifyLoginWithValidInputs status=SUCCESS method=Login_Index_Test.verifyLoginWithValidInputs()[pri:0, instance:com.InfoTrack.Login.Login_Index_Test@643b1d11] output=Step-1 : Enter URL : https://accounts.google.com/ServiceLogin</br>]]]>
              </value>
            </param>
          </params>
          <reporter-output>
          </reporter-output>
        </test-method> <!-- setUp -->
        <test-method status="PASS" signature="verifyLoginWithValidInputs()[pri:0, instance:com.InfoTrack.Login.Login_Index_Test@643b1d11]" name="verifyLoginWithValidInputs" duration-ms="6279" started-at="2020-12-04T11:34:36Z" finished-at="2020-12-04T11:34:42Z">
          <reporter-output>
            <line>
              <![CDATA[Step-1 : Enter URL : https://accounts.google.com/ServiceLogin</br>]]>
            </line>
            <line>
              <![CDATA[Step-2 : Enter email address in input box: ankit.demoemail@gmail.com</br>]]>
            </line>
            <line>
              <![CDATA[ To verify if next button is enabled.</br>]]>
            </line>
            <line>
              <![CDATA[Step-3 : Click on 'Next' Button.</br>]]>
            </line>
            <line>
              <![CDATA[Step-4 : Enter Password in password input box: Test@123</br>]]>
            </line>
            <line>
              <![CDATA[ To verify if next button is enabled.</br>]]>
            </line>
            <line>
              <![CDATA[Step-5 : Click on 'Next' Button.</br>]]>
            </line>
            <line>
              <![CDATA[ To verify if user successfully logged in with valid credentials.</br>]]>
            </line>
          </reporter-output>
        </test-method> <!-- verifyLoginWithValidInputs -->
        <test-method status="PASS" signature="tearDown(org.testng.ITestResult)[pri:0, instance:com.InfoTrack.Login.Login_Index_Test@643b1d11]" name="tearDown" is-config="true" duration-ms="3082" started-at="2020-12-04T11:34:42Z" finished-at="2020-12-04T11:34:45Z">
          <params>
            <param index="0">
              <value>
                <![CDATA[[TestResult name=verifyLoginWithValidInputs status=SUCCESS method=Login_Index_Test.verifyLoginWithValidInputs()[pri:0, instance:com.InfoTrack.Login.Login_Index_Test@643b1d11] output=Step-1 : Enter URL : https://accounts.google.com/ServiceLogin</br>]]]>
              </value>
            </param>
          </params>
          <reporter-output>
          </reporter-output>
        </test-method> <!-- tearDown -->
        <test-method status="PASS" signature="setUp(java.lang.String, java.lang.String, java.lang.reflect.Method, org.testng.ITestContext, org.testng.ITestResult)[pri:0, instance:com.InfoTrack.Login.Login_Index_Test@643b1d11]" name="setUp" is-config="true" duration-ms="4509" started-at="2020-12-04T11:34:45Z" finished-at="2020-12-04T11:34:50Z">
          <params>
            <param index="0">
              <value>
                <![CDATA[Ankit Patel]]>
              </value>
            </param>
            <param index="1">
              <value>
                <![CDATA[Login]]>
              </value>
            </param>
            <param index="2">
              <value>
                <![CDATA[public void com.InfoTrack.Login.Login_Index_Test.verifyLoginWithInvalidEmail()]]>
              </value>
            </param>
            <param index="3">
              <value>
                <![CDATA[org.testng.TestRunner@548e76f1]]>
              </value>
            </param>
            <param index="4">
              <value>
                <![CDATA[[TestResult name=verifyLoginWithInvalidEmail status=SUCCESS method=Login_Index_Test.verifyLoginWithInvalidEmail()[pri:0, instance:com.InfoTrack.Login.Login_Index_Test@643b1d11] output=Step-1 : Enter URL : https://accounts.google.com/ServiceLogin</br>]]]>
              </value>
            </param>
          </params>
          <reporter-output>
          </reporter-output>
        </test-method> <!-- setUp -->
        <test-method status="PASS" signature="verifyLoginWithInvalidEmail()[pri:0, instance:com.InfoTrack.Login.Login_Index_Test@643b1d11]" name="verifyLoginWithInvalidEmail" duration-ms="3121" started-at="2020-12-04T11:34:50Z" finished-at="2020-12-04T11:34:53Z">
          <reporter-output>
            <line>
              <![CDATA[Step-1 : Enter URL : https://accounts.google.com/ServiceLogin</br>]]>
            </line>
            <line>
              <![CDATA[Step-2 : Enter invalid email address in input box: ankit.notvalidemail@gmail.com</br>]]>
            </line>
            <line>
              <![CDATA[ To verify if next button is enabled.</br>]]>
            </line>
            <line>
              <![CDATA[Step-3 : Click on 'Next' Button.</br>]]>
            </line>
            <line>
              <![CDATA[ To verify if user is not alowed to log in with invalid email and through vaidation message.</br>]]>
            </line>
          </reporter-output>
        </test-method> <!-- verifyLoginWithInvalidEmail -->
        <test-method status="PASS" signature="tearDown(org.testng.ITestResult)[pri:0, instance:com.InfoTrack.Login.Login_Index_Test@643b1d11]" name="tearDown" is-config="true" duration-ms="2931" started-at="2020-12-04T11:34:53Z" finished-at="2020-12-04T11:34:56Z">
          <params>
            <param index="0">
              <value>
                <![CDATA[[TestResult name=verifyLoginWithInvalidEmail status=SUCCESS method=Login_Index_Test.verifyLoginWithInvalidEmail()[pri:0, instance:com.InfoTrack.Login.Login_Index_Test@643b1d11] output=Step-1 : Enter URL : https://accounts.google.com/ServiceLogin</br>]]]>
              </value>
            </param>
          </params>
          <reporter-output>
          </reporter-output>
        </test-method> <!-- tearDown -->
        <test-method status="PASS" signature="postConfigue()[pri:0, instance:com.InfoTrack.Login.Login_Index_Test@643b1d11]" name="postConfigue" is-config="true" duration-ms="326" started-at="2020-12-04T11:34:56Z" finished-at="2020-12-04T11:34:56Z">
          <reporter-output>
          </reporter-output>
        </test-method> <!-- postConfigue -->
      </class> <!-- com.InfoTrack.Login.Login_Index_Test -->
    </test> <!-- Login - Login -->
  </suite> <!-- InfoTrackAutomation -->
</testng-results>
