<?xml version="1.0" encoding="UTF-8"?>
<testng-results skipped="0" failed="0" ignored="0" total="2" passed="2">
  <reporter-output>
    <line>
      <![CDATA[Step-1 : Enter URL : https://accounts.google.com/ServiceLogin</br>]]>
    </line>
    <line>
      <![CDATA[Step-2 : Enter email address in input box: ankit.demoemail@gmail.com</br>]]>
    </line>
    <line>
      <![CDATA[ To verify if next button is enabled.</br>]]>
    </line>
    <line>
      <![CDATA[Step-3 : Click on 'Next' Button.</br>]]>
    </line>
    <line>
      <![CDATA[Step-4 : Enter Password in password input box: Test@123</br>]]>
    </line>
    <line>
      <![CDATA[ To verify if next button is enabled.</br>]]>
    </line>
    <line>
      <![CDATA[Step-5 : Click on 'Next' Button.</br>]]>
    </line>
    <line>
      <![CDATA[ To verify if user successfully logged in with valid credentials.</br>]]>
    </line>
    <line>
      <![CDATA[Step-1 : Enter URL : https://accounts.google.com/ServiceLogin</br>]]>
    </line>
    <line>
      <![CDATA[Step-2 : Enter invalid email address in input box: ankit.notvalidemail@gmail.com</br>]]>
    </line>
    <line>
      <![CDATA[ To verify if next button is enabled.</br>]]>
    </line>
    <line>
      <![CDATA[Step-3 : Click on 'Next' Button.</br>]]>
    </line>
    <line>
      <![CDATA[ To verify if user is not alowed to log in with invalid email and through vaidation message.</br>]]>
    </line>
  </reporter-output>
  <suite name="InfoTrackAutomation" duration-ms="31352" started-at="2020-12-06T00:24:33Z" finished-at="2020-12-06T00:25:05Z">
    <groups>
    </groups>
    <test name="Login - Login" duration-ms="31352" started-at="2020-12-06T00:24:33Z" finished-at="2020-12-06T00:25:05Z">
      <class name="com.InfoTrack.Login.Login_Index_Test">
        <test-method status="PASS" signature="fetchSuite()[pri:0, instance:com.InfoTrack.Login.Login_Index_Test@36d4b5c]" name="fetchSuite" is-config="true" duration-ms="1601" started-at="2020-12-06T11:24:32Z" finished-at="2020-12-06T11:24:33Z">
          <reporter-output>
          </reporter-output>
        </test-method> <!-- fetchSuite -->
        <test-method status="PASS" signature="fetchSuiteConfiguration(org.testng.ITestContext)[pri:0, instance:com.InfoTrack.Login.Login_Index_Test@36d4b5c]" name="fetchSuiteConfiguration" is-config="true" duration-ms="2" started-at="2020-12-06T11:24:33Z" finished-at="2020-12-06T11:24:33Z">
          <params>
            <param index="0">
              <value>
                <![CDATA[org.testng.TestRunner@1ac85b0c]]>
              </value>
            </param>
          </params>
          <reporter-output>
          </reporter-output>
        </test-method> <!-- fetchSuiteConfiguration -->
        <test-method status="PASS" signature="setUp(java.lang.String, java.lang.String, java.lang.reflect.Method, org.testng.ITestContext, org.testng.ITestResult)[pri:0, instance:com.InfoTrack.Login.Login_Index_Test@36d4b5c]" name="setUp" is-config="true" duration-ms="8660" started-at="2020-12-06T11:24:33Z" finished-at="2020-12-06T11:24:42Z">
          <params>
            <param index="0">
              <value>
                <![CDATA[Ankit Patel]]>
              </value>
            </param>
            <param index="1">
              <value>
                <![CDATA[Login]]>
              </value>
            </param>
            <param index="2">
              <value>
                <![CDATA[public void com.InfoTrack.Login.Login_Index_Test.verifyLoginWithValidInputs()]]>
              </value>
            </param>
            <param index="3">
              <value>
                <![CDATA[org.testng.TestRunner@1ac85b0c]]>
              </value>
            </param>
            <param index="4">
              <value>
                <![CDATA[[TestResult name=verifyLoginWithValidInputs status=SUCCESS method=Login_Index_Test.verifyLoginWithValidInputs()[pri:0, instance:com.InfoTrack.Login.Login_Index_Test@36d4b5c] output=Step-1 : Enter URL : https://accounts.google.com/ServiceLogin</br>]]]>
              </value>
            </param>
          </params>
          <reporter-output>
          </reporter-output>
        </test-method> <!-- setUp -->
        <test-method status="PASS" signature="verifyLoginWithValidInputs()[pri:0, instance:com.InfoTrack.Login.Login_Index_Test@36d4b5c]" name="verifyLoginWithValidInputs" duration-ms="7066" started-at="2020-12-06T11:24:42Z" finished-at="2020-12-06T11:24:49Z">
          <reporter-output>
            <line>
              <![CDATA[Step-1 : Enter URL : https://accounts.google.com/ServiceLogin</br>]]>
            </line>
            <line>
              <![CDATA[Step-2 : Enter email address in input box: ankit.demoemail@gmail.com</br>]]>
            </line>
            <line>
              <![CDATA[ To verify if next button is enabled.</br>]]>
            </line>
            <line>
              <![CDATA[Step-3 : Click on 'Next' Button.</br>]]>
            </line>
            <line>
              <![CDATA[Step-4 : Enter Password in password input box: Test@123</br>]]>
            </line>
            <line>
              <![CDATA[ To verify if next button is enabled.</br>]]>
            </line>
            <line>
              <![CDATA[Step-5 : Click on 'Next' Button.</br>]]>
            </line>
            <line>
              <![CDATA[ To verify if user successfully logged in with valid credentials.</br>]]>
            </line>
          </reporter-output>
        </test-method> <!-- verifyLoginWithValidInputs -->
        <test-method status="PASS" signature="tearDown(org.testng.ITestResult)[pri:0, instance:com.InfoTrack.Login.Login_Index_Test@36d4b5c]" name="tearDown" is-config="true" duration-ms="2838" started-at="2020-12-06T11:24:49Z" finished-at="2020-12-06T11:24:52Z">
          <params>
            <param index="0">
              <value>
                <![CDATA[[TestResult name=verifyLoginWithValidInputs status=SUCCESS method=Login_Index_Test.verifyLoginWithValidInputs()[pri:0, instance:com.InfoTrack.Login.Login_Index_Test@36d4b5c] output=Step-1 : Enter URL : https://accounts.google.com/ServiceLogin</br>]]]>
              </value>
            </param>
          </params>
          <reporter-output>
          </reporter-output>
        </test-method> <!-- tearDown -->
        <test-method status="PASS" signature="setUp(java.lang.String, java.lang.String, java.lang.reflect.Method, org.testng.ITestContext, org.testng.ITestResult)[pri:0, instance:com.InfoTrack.Login.Login_Index_Test@36d4b5c]" name="setUp" is-config="true" duration-ms="6480" started-at="2020-12-06T11:24:52Z" finished-at="2020-12-06T11:24:58Z">
          <params>
            <param index="0">
              <value>
                <![CDATA[Ankit Patel]]>
              </value>
            </param>
            <param index="1">
              <value>
                <![CDATA[Login]]>
              </value>
            </param>
            <param index="2">
              <value>
                <![CDATA[public void com.InfoTrack.Login.Login_Index_Test.verifyLoginWithInvalidEmail()]]>
              </value>
            </param>
            <param index="3">
              <value>
                <![CDATA[org.testng.TestRunner@1ac85b0c]]>
              </value>
            </param>
            <param index="4">
              <value>
                <![CDATA[[TestResult name=verifyLoginWithInvalidEmail status=SUCCESS method=Login_Index_Test.verifyLoginWithInvalidEmail()[pri:0, instance:com.InfoTrack.Login.Login_Index_Test@36d4b5c] output=Step-1 : Enter URL : https://accounts.google.com/ServiceLogin</br>]]]>
              </value>
            </param>
          </params>
          <reporter-output>
          </reporter-output>
        </test-method> <!-- setUp -->
        <test-method status="PASS" signature="verifyLoginWithInvalidEmail()[pri:0, instance:com.InfoTrack.Login.Login_Index_Test@36d4b5c]" name="verifyLoginWithInvalidEmail" duration-ms="3563" started-at="2020-12-06T11:24:58Z" finished-at="2020-12-06T11:25:02Z">
          <reporter-output>
            <line>
              <![CDATA[Step-1 : Enter URL : https://accounts.google.com/ServiceLogin</br>]]>
            </line>
            <line>
              <![CDATA[Step-2 : Enter invalid email address in input box: ankit.notvalidemail@gmail.com</br>]]>
            </line>
            <line>
              <![CDATA[ To verify if next button is enabled.</br>]]>
            </line>
            <line>
              <![CDATA[Step-3 : Click on 'Next' Button.</br>]]>
            </line>
            <line>
              <![CDATA[ To verify if user is not alowed to log in with invalid email and through vaidation message.</br>]]>
            </line>
          </reporter-output>
        </test-method> <!-- verifyLoginWithInvalidEmail -->
        <test-method status="PASS" signature="tearDown(org.testng.ITestResult)[pri:0, instance:com.InfoTrack.Login.Login_Index_Test@36d4b5c]" name="tearDown" is-config="true" duration-ms="2712" started-at="2020-12-06T11:25:02Z" finished-at="2020-12-06T11:25:05Z">
          <params>
            <param index="0">
              <value>
                <![CDATA[[TestResult name=verifyLoginWithInvalidEmail status=SUCCESS method=Login_Index_Test.verifyLoginWithInvalidEmail()[pri:0, instance:com.InfoTrack.Login.Login_Index_Test@36d4b5c] output=Step-1 : Enter URL : https://accounts.google.com/ServiceLogin</br>]]]>
              </value>
            </param>
          </params>
          <reporter-output>
          </reporter-output>
        </test-method> <!-- tearDown -->
        <test-method status="PASS" signature="postConfigue()[pri:0, instance:com.InfoTrack.Login.Login_Index_Test@36d4b5c]" name="postConfigue" is-config="true" duration-ms="536" started-at="2020-12-06T11:25:05Z" finished-at="2020-12-06T11:25:05Z">
          <reporter-output>
          </reporter-output>
        </test-method> <!-- postConfigue -->
      </class> <!-- com.InfoTrack.Login.Login_Index_Test -->
    </test> <!-- Login - Login -->
  </suite> <!-- InfoTrackAutomation -->
</testng-results>
